<?xml version="1.0" encoding="UTF-8"?>
<!-- Generated by org.testng.reporters.JUnitXMLReporter -->
<testsuite ignored="2" hostname="DESKTOP-5690C3M" failures="0" tests="2" name="Test-Runner-1" time="212.259" errors="0" timestamp="2023-11-22T12:55:12 IST">
  <testcase classname="com.OTM.GenericUtils.BaseClass" name="@BeforeClass config_BC" time="4.865">
    <failure type="org.openqa.selenium.remote.NoSuchDriverException" message="Unable to obtain: Capabilities {acceptInsecureCerts: true, browserName: firefox, moz:debuggerAddress: true, moz:firefoxOptions: {}}, error Command failed with code: 65, executed: [C:\Users\KINSHU~1\AppData\Local\Temp\selenium-manager120221554426170017658940237139009300\selenium-manager.exe, --browser, firefox, --output, json]
error sending request for url (https://github.com/mozilla/geckodriver/releases/latest): error trying to connect: dns error: No such host is known. (os error 11001)
Build info: version: &amp;apos;4.11.0&amp;apos;, revision: &amp;apos;040bc5406b&amp;apos;
System info: os.name: &amp;apos;Windows 10&amp;apos;, os.arch: &amp;apos;amd64&amp;apos;, os.version: &amp;apos;10.0&amp;apos;, java.version: &amp;apos;17.0.9&amp;apos;
Driver info: driver.version: FirefoxDriver">
      <![CDATA[org.openqa.selenium.remote.NoSuchDriverException: Unable to obtain: Capabilities {acceptInsecureCerts: true, browserName: firefox, moz:debuggerAddress: true, moz:firefoxOptions: {}}, error Command failed with code: 65, executed: [C:\Users\KINSHU~1\AppData\Local\Temp\selenium-manager120221554426170017658940237139009300\selenium-manager.exe, --browser, firefox, --output, json]
error sending request for url (https://github.com/mozilla/geckodriver/releases/latest): error trying to connect: dns error: No such host is known. (os error 11001)
Build info: version: '4.11.0', revision: '040bc5406b'
System info: os.name: 'Windows 10', os.arch: 'amd64', os.version: '10.0', java.version: '17.0.9'
Driver info: driver.version: FirefoxDriver
at org.openqa.selenium.remote.service.DriverFinder.getPath(DriverFinder.java:25)
at org.openqa.selenium.remote.service.DriverFinder.getPath(DriverFinder.java:13)
at org.openqa.selenium.firefox.FirefoxDriver.generateExecutor(FirefoxDriver.java:141)
at org.openqa.selenium.firefox.FirefoxDriver.<init>(FirefoxDriver.java:132)
at org.openqa.selenium.firefox.FirefoxDriver.<init>(FirefoxDriver.java:127)
at org.openqa.selenium.firefox.FirefoxDriver.<init>(FirefoxDriver.java:112)
at org.openqa.selenium.firefox.FirefoxDriver.<init>(FirefoxDriver.java:102)
at com.OTM.GenericUtils.BaseClass.config_BC(BaseClass.java:49)
at java.base/java.util.ArrayList.forEach(ArrayList.java:1511)
at java.base/java.util.concurrent.FutureTask.run(FutureTask.java:264)
at java.base/java.util.concurrent.ThreadPoolExecutor.runWorker(ThreadPoolExecutor.java:1136)
at java.base/java.util.concurrent.ThreadPoolExecutor$Worker.run(ThreadPoolExecutor.java:635)
at java.base/java.lang.Thread.run(Thread.java:842)
Caused by: org.openqa.selenium.WebDriverException: Command failed with code: 65, executed: [C:\Users\KINSHU~1\AppData\Local\Temp\selenium-manager120221554426170017658940237139009300\selenium-manager.exe, --browser, firefox, --output, json]
error sending request for url (https://github.com/mozilla/geckodriver/releases/latest): error trying to connect: dns error: No such host is known. (os error 11001)
Build info: version: '4.11.0', revision: '040bc5406b'
System info: os.name: 'Windows 10', os.arch: 'amd64', os.version: '10.0', java.version: '17.0.9'
Driver info: driver.version: FirefoxDriver
at org.openqa.selenium.manager.SeleniumManager.runCommand(SeleniumManager.java:151)
at org.openqa.selenium.manager.SeleniumManager.getDriverPath(SeleniumManager.java:273)
at org.openqa.selenium.remote.service.DriverFinder.getPath(DriverFinder.java:22)
... 27 more
... Removed 15 stack frames]]>
    </failure>
  </testcase> <!-- @BeforeClass config_BC -->
  <testcase classname="com.OTM.GenericUtils.BaseClass" name="@BeforeMethod cofig_BM" time="0.0">
    <skipped/>
  </testcase> <!-- @BeforeMethod cofig_BM -->
  <testcase classname="com.OTM.GenericUtils.BaseClass" name="@AfterMethod cofig_AM" time="0.0">
    <skipped/>
  </testcase> <!-- @AfterMethod cofig_AM -->
  <testcase classname="com.OTM.GenericUtils.BaseClass" name="@AfterClass cofig_AC" time="0.0">
    <skipped/>
  </testcase> <!-- @AfterClass cofig_AC -->
  <testcase classname="com.OTM.GenericUtils.BaseClass" name="@BeforeClass config_BC" time="1.187">
    <failure type="org.openqa.selenium.remote.NoSuchDriverException" message="Unable to obtain: Capabilities {acceptInsecureCerts: true, browserName: firefox, moz:debuggerAddress: true, moz:firefoxOptions: {}}, error Command failed with code: 65, executed: [C:\Users\KINSHU~1\AppData\Local\Temp\selenium-manager120221554426170017658940237139009300\selenium-manager.exe, --browser, firefox, --output, json]
error sending request for url (https://github.com/mozilla/geckodriver/releases/latest): error trying to connect: dns error: No such host is known. (os error 11001)
Build info: version: &amp;apos;4.11.0&amp;apos;, revision: &amp;apos;040bc5406b&amp;apos;
System info: os.name: &amp;apos;Windows 10&amp;apos;, os.arch: &amp;apos;amd64&amp;apos;, os.version: &amp;apos;10.0&amp;apos;, java.version: &amp;apos;17.0.9&amp;apos;
Driver info: driver.version: FirefoxDriver">
      <![CDATA[org.openqa.selenium.remote.NoSuchDriverException: Unable to obtain: Capabilities {acceptInsecureCerts: true, browserName: firefox, moz:debuggerAddress: true, moz:firefoxOptions: {}}, error Command failed with code: 65, executed: [C:\Users\KINSHU~1\AppData\Local\Temp\selenium-manager120221554426170017658940237139009300\selenium-manager.exe, --browser, firefox, --output, json]
error sending request for url (https://github.com/mozilla/geckodriver/releases/latest): error trying to connect: dns error: No such host is known. (os error 11001)
Build info: version: '4.11.0', revision: '040bc5406b'
System info: os.name: 'Windows 10', os.arch: 'amd64', os.version: '10.0', java.version: '17.0.9'
Driver info: driver.version: FirefoxDriver
at org.openqa.selenium.remote.service.DriverFinder.getPath(DriverFinder.java:25)
at org.openqa.selenium.remote.service.DriverFinder.getPath(DriverFinder.java:13)
at org.openqa.selenium.firefox.FirefoxDriver.generateExecutor(FirefoxDriver.java:141)
at org.openqa.selenium.firefox.FirefoxDriver.<init>(FirefoxDriver.java:132)
at org.openqa.selenium.firefox.FirefoxDriver.<init>(FirefoxDriver.java:127)
at org.openqa.selenium.firefox.FirefoxDriver.<init>(FirefoxDriver.java:112)
at org.openqa.selenium.firefox.FirefoxDriver.<init>(FirefoxDriver.java:102)
at com.OTM.GenericUtils.BaseClass.config_BC(BaseClass.java:49)
at java.base/java.util.ArrayList.forEach(ArrayList.java:1511)
at java.base/java.util.concurrent.FutureTask.run(FutureTask.java:264)
at java.base/java.util.concurrent.ThreadPoolExecutor.runWorker(ThreadPoolExecutor.java:1136)
at java.base/java.util.concurrent.ThreadPoolExecutor$Worker.run(ThreadPoolExecutor.java:635)
at java.base/java.lang.Thread.run(Thread.java:842)
Caused by: org.openqa.selenium.WebDriverException: Command failed with code: 65, executed: [C:\Users\KINSHU~1\AppData\Local\Temp\selenium-manager120221554426170017658940237139009300\selenium-manager.exe, --browser, firefox, --output, json]
error sending request for url (https://github.com/mozilla/geckodriver/releases/latest): error trying to connect: dns error: No such host is known. (os error 11001)
Build info: version: '4.11.0', revision: '040bc5406b'
System info: os.name: 'Windows 10', os.arch: 'amd64', os.version: '10.0', java.version: '17.0.9'
Driver info: driver.version: FirefoxDriver
at org.openqa.selenium.manager.SeleniumManager.runCommand(SeleniumManager.java:151)
at org.openqa.selenium.manager.SeleniumManager.getDriverPath(SeleniumManager.java:273)
at org.openqa.selenium.remote.service.DriverFinder.getPath(DriverFinder.java:22)
... 27 more
... Removed 15 stack frames]]>
    </failure>
  </testcase> <!-- @BeforeClass config_BC -->
  <testcase classname="com.OTM.GenericUtils.BaseClass" name="@BeforeMethod cofig_BM" time="0.0">
    <skipped/>
  </testcase> <!-- @BeforeMethod cofig_BM -->
  <testcase classname="com.OTM.GenericUtils.BaseClass" name="@AfterMethod cofig_AM" time="0.0">
    <skipped/>
  </testcase> <!-- @AfterMethod cofig_AM -->
  <testcase classname="com.OTM.GenericUtils.BaseClass" name="@AfterClass cofig_AC" time="0.0">
    <skipped/>
  </testcase> <!-- @AfterClass cofig_AC -->
  <testcase classname="batchGroupParallelCrossB.DemoTest" name="demo_1" time="0.003"/>
  <testcase classname="batchGroupParallelCrossB.PracticeTest" name="practice_1" time="0.003"/>
  <testcase classname="com.OTM.GenericUtils.BaseClass" name="@AfterSuite config_AS" time="0.0">
    <ignored/>
  </testcase> <!-- @AfterSuite config_AS -->
  <testcase classname="com.OTM.GenericUtils.BaseClass" name="@BeforeSuite config_BS" time="0.0">
    <ignored/>
  </testcase> <!-- @BeforeSuite config_BS -->
</testsuite> <!-- Test-Runner-1 -->
