<?xml version="1.0" encoding="UTF-8"?>
<!-- Generated by org.testng.reporters.JUnitXMLReporter -->
<testsuite ignored="2" hostname="DESKTOP-5690C3M" failures="0" tests="4" name="test-Runner=2" time="4.588" errors="0" timestamp="2023-11-22T10:23:48 IST">
  <testcase classname="batchGroupParallelCrossB.PracticeTest" name="practice_1" time="0.001">
    <skipped/>
  </testcase> <!-- practice_1 -->
  <testcase classname="batchGroupParallelCrossB.PracticeTest" name="practice_2" time="0.014">
    <skipped/>
  </testcase> <!-- practice_2 -->
  <testcase classname="batchGroupParallelCrossB.SampleTest" name="sample_1" time="0.0">
    <skipped/>
  </testcase> <!-- sample_1 -->
  <testcase classname="batchGroupParallelCrossB.SampleTest" name="sample_2" time="0.0">
    <skipped/>
  </testcase> <!-- sample_2 -->
  <testcase classname="com.OTM.GenericUtils.BaseClass" name="@AfterSuite config_AS" time="0.0">
    <ignored/>
  </testcase> <!-- @AfterSuite config_AS -->
  <testcase classname="com.OTM.GenericUtils.BaseClass" name="@BeforeSuite config_BS" time="0.0">
    <ignored/>
  </testcase> <!-- @BeforeSuite config_BS -->
</testsuite> <!-- test-Runner=2 -->
