<?xml version="1.0" encoding="UTF-8"?>
<!-- Generated by org.testng.reporters.JUnitXMLReporter -->
<testsuite ignored="2" hostname="DESKTOP-5690C3M" failures="0" tests="2" name="Test-Runner-2" time="6.243" errors="0" timestamp="2023-11-22T12:51:46 IST">
  <testcase classname="batchGroupParallelCrossB.DemoTest" name="demo_1" time="0.001">
    <skipped/>
  </testcase> <!-- demo_1 -->
  <testcase classname="batchGroupParallelCrossB.PracticeTest" name="practice_1" time="0.0">
    <skipped/>
  </testcase> <!-- practice_1 -->
  <testcase classname="com.OTM.GenericUtils.BaseClass" name="@BeforeSuite config_BS" time="0.0">
    <ignored/>
  </testcase> <!-- @BeforeSuite config_BS -->
  <testcase classname="com.OTM.GenericUtils.BaseClass" name="@AfterSuite config_AS" time="0.0">
    <ignored/>
  </testcase> <!-- @AfterSuite config_AS -->
</testsuite> <!-- Test-Runner-2 -->
