<?xml version="1.0" encoding="UTF-8"?>
<!-- Generated by org.testng.reporters.JUnitReportReporter -->
<testsuite hostname="DESKTOP-5690C3M" failures="0" tests="1" name="tourPackages.BookTourPackage" time="54.760" errors="0" timestamp="2023-11-16T10:23:28 IST" skipped="0">
  <testcase classname="tourPackages.BookTourPackage" name="bookTour" time="54.760"/>
  <system-out/>
</testsuite> <!-- tourPackages.BookTourPackage -->
