<?xml version="1.0" encoding="UTF-8"?>
<!-- Generated by org.testng.reporters.JUnitReportReporter -->
<testsuite hostname="DESKTOP-5690C3M" failures="0" tests="1" name="batchGroupParallelCrossB.DemoTest" time="25.723" errors="0" timestamp="2023-11-23T10:55:32 IST" skipped="0">
  <testcase classname="batchGroupParallelCrossB.DemoTest" name="demo_1" time="25.723"/>
  <system-out/>
</testsuite> <!-- batchGroupParallelCrossB.DemoTest -->
