<?xml version="1.0" encoding="UTF-8"?>
<!-- Generated by org.testng.reporters.JUnitReportReporter -->
<testsuite hostname="DESKTOP-5690C3M" failures="0" tests="1" name="batchGroupParallelCrossB.SimpleTest" time="34.172" errors="0" timestamp="2023-11-23T09:21:51 IST" skipped="0">
  <testcase classname="batchGroupParallelCrossB.SimpleTest" name="simple_1" time="34.172"/>
  <system-out/>
</testsuite> <!-- batchGroupParallelCrossB.SimpleTest -->
