<?xml version="1.0" encoding="UTF-8"?>
<!-- Generated by org.testng.reporters.JUnitReportReporter -->
<testsuite hostname="DESKTOP-5690C3M" failures="0" tests="5" name="DataProvider.ExecuteDPTest" time="0.025" errors="0" timestamp="2023-11-21T09:52:41 IST" skipped="0">
  <testcase classname="DataProvider.ExecuteDPTest" name="getData" time="0.003"/>
  <system-out/>
  <testcase classname="DataProvider.ExecuteDPTest" name="getData" time="0.003"/>
  <system-out/>
  <testcase classname="DataProvider.ExecuteDPTest" name="getData" time="0.003"/>
  <system-out/>
  <testcase classname="DataProvider.ExecuteDPTest" name="getData" time="0.013"/>
  <system-out/>
  <testcase classname="DataProvider.ExecuteDPTest" name="getData" time="0.003"/>
  <system-out/>
</testsuite> <!-- DataProvider.ExecuteDPTest -->
