<?xml version="1.0" encoding="UTF-8"?>
<!-- Generated by org.testng.reporters.JUnitReportReporter -->
<testsuite hostname="DESKTOP-5690C3M" failures="0" tests="1" name="userModule.SignInUser" time="115.478" errors="0" timestamp="2023-11-16T13:09:58 IST" skipped="0">
  <testcase classname="userModule.SignInUser" name="signInWithValidCred" time="115.478"/>
  <system-out/>
</testsuite> <!-- userModule.SignInUser -->
